Removed Pin From Net: NetName=GND Pin=C3-2
Removed Pin From Net: NetName=GND Pin=C4-2
Removed Pin From Net: NetName=GND Pin=C5-2
Removed Pin From Net: NetName=GND Pin=IC1-3
Removed Pin From Net: NetName=GND Pin=IC1-6
Removed Pin From Net: NetName=GND Pin=IC2-3
Removed Pin From Net: NetName=GND Pin=IC2-6
Removed Pin From Net: NetName=GND Pin=IC3-3
Removed Pin From Net: NetName=GND Pin=IC3-6
Removed Pin From Net: NetName=GND Pin=Q1-2
Removed Pin From Net: NetName=GND Pin=Q2-2
Removed Pin From Net: NetName=GND Pin=Q3-2
Removed Pin From Net: NetName=NetR17_2 Pin=SW1-1
Removed Pin From Net: NetName=GND Pin=SW1-3
Removed Pin From Net: NetName=NetR21_2 Pin=SW2-1
Removed Pin From Net: NetName=GND Pin=SW2-3
Removed Pin From Net: NetName=NetR25_2 Pin=SW3-1
Removed Pin From Net: NetName=GND Pin=SW3-3
Change Component Footprint: Designator=SW1 Old Footprint=FP-1825910-2-0 New Footprint=WS-TASV_L4.5W4.5H3.8_430181038816
Change Component Footprint: Designator=SW2 Old Footprint=FP-1825910-2-0 New Footprint=WS-TASV_L4.5W4.5H3.8_430181038816
Change Component Footprint: Designator=SW3 Old Footprint=FP-1825910-2-0 New Footprint=WS-TASV_L4.5W4.5H3.8_430181038816
Change Component Comment : Designator=SW1 Old Comment= New Comment=430181038816
Change Component Comment : Designator=SW2 Old Comment= New Comment=430181038816
Change Component Comment : Designator=SW3 Old Comment= New Comment=430181038816
Change Component Designator: OldDesignator=C1 NewDesignator=C2
Change Component Designator: OldDesignator=C2 NewDesignator=C1
Change Component Designator: OldDesignator=R7 NewDesignator=R8
Change Component Designator: OldDesignator=R8 NewDesignator=R9
Change Component Designator: OldDesignator=R9 NewDesignator=R7
Change Component Designator: OldDesignator=R10 NewDesignator=R11
Change Component Designator: OldDesignator=R11 NewDesignator=R12
Change Component Designator: OldDesignator=R12 NewDesignator=R10
Change Component Designator: OldDesignator=R13 NewDesignator=R14
Change Component Designator: OldDesignator=R14 NewDesignator=R15
Change Component Designator: OldDesignator=R15 NewDesignator=R13
Change Managed Component Library Link : Designator=SW1 Old VaultGUID=B7D15EC3-160A-466F-A46C-7801FE6295A7 New VaultGUID=B7D15EC3-160A-466F-A46C-7801FE6295A7 Old ItemGUID=4368AC3F-10BB-4030-BABA-7DB2EB25135F New ItemGUID=0FD3982D-585E-492E-B679-01BCE718E53C Old RevisionGUID=619D1D05-010A-4658-A31D-089204DD6715 New RevisionGUID=936134B8-38C2-479A-BC6F-4DBF93ED3D57
Change Managed Component Library Link : Designator=SW2 Old VaultGUID=B7D15EC3-160A-466F-A46C-7801FE6295A7 New VaultGUID=B7D15EC3-160A-466F-A46C-7801FE6295A7 Old ItemGUID=4368AC3F-10BB-4030-BABA-7DB2EB25135F New ItemGUID=0FD3982D-585E-492E-B679-01BCE718E53C Old RevisionGUID=619D1D05-010A-4658-A31D-089204DD6715 New RevisionGUID=936134B8-38C2-479A-BC6F-4DBF93ED3D57
Change Managed Component Library Link : Designator=SW3 Old VaultGUID=B7D15EC3-160A-466F-A46C-7801FE6295A7 New VaultGUID=B7D15EC3-160A-466F-A46C-7801FE6295A7 Old ItemGUID=4368AC3F-10BB-4030-BABA-7DB2EB25135F New ItemGUID=0FD3982D-585E-492E-B679-01BCE718E53C Old RevisionGUID=619D1D05-010A-4658-A31D-089204DD6715 New RevisionGUID=936134B8-38C2-479A-BC6F-4DBF93ED3D57
Change component parameters: Designator = "SW1" ("SW1"); Footprint = "FP-1825910-2-0"; UniqueID = "\DWXECQUD\SNDQFSVK" ("\DWXECQUD\SNDQFSVK")
Change component parameters (AddParameter): Name = "Actuator Material"; Value = "Liquid Crystal Polymer, Polymer"; VariantName = "[No Variations]"
Change component parameters (AddParameter): Name = "Contact Plating"; Value = "Silver"; VariantName = "[No Variations]"
Change component parameters (AddParameter): Name = "Current Rating"; Value = "50mA"; VariantName = "[No Variations]"
Change component parameters (AddParameter): Name = "Height"; Value = "3.8mm"; VariantName = "[No Variations]"
Change component parameters (AddParameter): Name = "Illumination Type"; Value = "Non-Illuminated"; VariantName = "[No Variations]"
Change component parameters (AddParameter): Name = "Insulation Resistance"; Value = "100MO"; VariantName = "[No Variations]"
Change component parameters (AddParameter): Name = "Max Operating Temperature"; Value = "85°C"; VariantName = "[No Variations]"
Change component parameters (AddParameter): Name = "Mechanical Life"; Value = "1Mcycles"; VariantName = "[No Variations]"
Change component parameters (AddParameter): Name = "Min Operating Temperature"; Value = "-40°C"; VariantName = "[No Variations]"
Change component parameters (AddParameter): Name = "Mount"; Value = "Surface Mount"; VariantName = "[No Variations]"
Change component parameters (AddParameter): Name = "NexarPartId"; Value = "57114477"; VariantName = "[No Variations]"
Change component parameters (AddParameter): Name = "Packaging"; Value = "Tape and Reel"; VariantName = "[No Variations]"
Change component parameters (AddParameter): Name = "RoHS"; Value = "Compliant"; VariantName = "[No Variations]"
Change component parameters (AddParameter): Name = "Switch Function"; Value = "Off-Mom"; VariantName = "[No Variations]"
Change component parameters (AddParameter): Name = "Switch Travel"; Value = "200µm"; VariantName = "[No Variations]"
Change component parameters (AddParameter): Name = "Termination"; Value = "SMD/SMT"; VariantName = "[No Variations]"
Change component parameters (AddParameter): Name = "Throw Configuration"; Value = "SPST"; VariantName = "[No Variations]"
Change component parameters (AddParameter): Name = "Voltage Rating"; Value = "12V"; VariantName = "[No Variations]"
Change component parameters: Designator = "SW2" ("SW2"); Footprint = "FP-1825910-2-0"; UniqueID = "\JNCCXABH\RIAHYPMB" ("\JNCCXABH\RIAHYPMB")
Change component parameters (AddParameter): Name = "Actuator Material"; Value = "Liquid Crystal Polymer, Polymer"; VariantName = "[No Variations]"
Change component parameters (AddParameter): Name = "Contact Plating"; Value = "Silver"; VariantName = "[No Variations]"
Change component parameters (AddParameter): Name = "Current Rating"; Value = "50mA"; VariantName = "[No Variations]"
Change component parameters (AddParameter): Name = "Height"; Value = "3.8mm"; VariantName = "[No Variations]"
Change component parameters (AddParameter): Name = "Illumination Type"; Value = "Non-Illuminated"; VariantName = "[No Variations]"
Change component parameters (AddParameter): Name = "Insulation Resistance"; Value = "100MO"; VariantName = "[No Variations]"
Change component parameters (AddParameter): Name = "Max Operating Temperature"; Value = "85°C"; VariantName = "[No Variations]"
Change component parameters (AddParameter): Name = "Mechanical Life"; Value = "1Mcycles"; VariantName = "[No Variations]"
Change component parameters (AddParameter): Name = "Min Operating Temperature"; Value = "-40°C"; VariantName = "[No Variations]"
Change component parameters (AddParameter): Name = "Mount"; Value = "Surface Mount"; VariantName = "[No Variations]"
Change component parameters (AddParameter): Name = "NexarPartId"; Value = "57114477"; VariantName = "[No Variations]"
Change component parameters (AddParameter): Name = "Packaging"; Value = "Tape and Reel"; VariantName = "[No Variations]"
Change component parameters (AddParameter): Name = "RoHS"; Value = "Compliant"; VariantName = "[No Variations]"
Change component parameters (AddParameter): Name = "Switch Function"; Value = "Off-Mom"; VariantName = "[No Variations]"
Change component parameters (AddParameter): Name = "Switch Travel"; Value = "200µm"; VariantName = "[No Variations]"
Change component parameters (AddParameter): Name = "Termination"; Value = "SMD/SMT"; VariantName = "[No Variations]"
Change component parameters (AddParameter): Name = "Throw Configuration"; Value = "SPST"; VariantName = "[No Variations]"
Change component parameters (AddParameter): Name = "Voltage Rating"; Value = "12V"; VariantName = "[No Variations]"
Change component parameters: Designator = "SW3" ("SW3"); Footprint = "FP-1825910-2-0"; UniqueID = "\VNTSLHQZ\XJABODIU" ("\VNTSLHQZ\XJABODIU")
Change component parameters (AddParameter): Name = "Actuator Material"; Value = "Liquid Crystal Polymer, Polymer"; VariantName = "[No Variations]"
Change component parameters (AddParameter): Name = "Contact Plating"; Value = "Silver"; VariantName = "[No Variations]"
Change component parameters (AddParameter): Name = "Current Rating"; Value = "50mA"; VariantName = "[No Variations]"
Change component parameters (AddParameter): Name = "Height"; Value = "3.8mm"; VariantName = "[No Variations]"
Change component parameters (AddParameter): Name = "Illumination Type"; Value = "Non-Illuminated"; VariantName = "[No Variations]"
Change component parameters (AddParameter): Name = "Insulation Resistance"; Value = "100MO"; VariantName = "[No Variations]"
Change component parameters (AddParameter): Name = "Max Operating Temperature"; Value = "85°C"; VariantName = "[No Variations]"
Change component parameters (AddParameter): Name = "Mechanical Life"; Value = "1Mcycles"; VariantName = "[No Variations]"
Change component parameters (AddParameter): Name = "Min Operating Temperature"; Value = "-40°C"; VariantName = "[No Variations]"
Change component parameters (AddParameter): Name = "Mount"; Value = "Surface Mount"; VariantName = "[No Variations]"
Change component parameters (AddParameter): Name = "NexarPartId"; Value = "57114477"; VariantName = "[No Variations]"
Change component parameters (AddParameter): Name = "Packaging"; Value = "Tape and Reel"; VariantName = "[No Variations]"
Change component parameters (AddParameter): Name = "RoHS"; Value = "Compliant"; VariantName = "[No Variations]"
Change component parameters (AddParameter): Name = "Switch Function"; Value = "Off-Mom"; VariantName = "[No Variations]"
Change component parameters (AddParameter): Name = "Switch Travel"; Value = "200µm"; VariantName = "[No Variations]"
Change component parameters (AddParameter): Name = "Termination"; Value = "SMD/SMT"; VariantName = "[No Variations]"
Change component parameters (AddParameter): Name = "Throw Configuration"; Value = "SPST"; VariantName = "[No Variations]"
Change component parameters (AddParameter): Name = "Voltage Rating"; Value = "12V"; VariantName = "[No Variations]"
Added Pin To Net: NetName=NetR17_2 Pin=SW1-A1
Added Pin To Net: NetName=GND Pin=SW1-B1
Added Pin To Net: NetName=NetR21_2 Pin=SW2-A1
Added Pin To Net: NetName=GND Pin=SW2-B1
Added Pin To Net: NetName=NetR25_2 Pin=SW3-A1
Added Pin To Net: NetName=GND Pin=SW3-B1
Change Net Name : Old Net Name=NetC2_1 New Net Name=U1FILT
Change Net Name : Old Net Name=NetC3_1 New Net Name=IC1VDD
Change Net Name : Old Net Name=NetC4_1 New Net Name=IC2VDD
Change Net Name : Old Net Name=NetC5_1 New Net Name=IC3VDD
Change Net Name : Old Net Name=NetC8_1 New Net Name=BAT1
Change Net Name : Old Net Name=NetC14_1 New Net Name=VOUT
Change Net Name : Old Net Name=NetC18_1 New Net Name=BAT2
Change Net Name : Old Net Name=NetC28_1 New Net Name=BAT3
Change Net Name : Old Net Name=NetC37_1 New Net Name=U2FILT
Change Net Name : Old Net Name=NetD1_1 New Net Name=J1+
Change Net Name : Old Net Name=NetD1_2 New Net Name=U1IP+
Change Net Name : Old Net Name=NetD3_1 New Net Name=J2+
Change Net Name : Old Net Name=NetD8_1 New Net Name=IC4LED1
Change Net Name : Old Net Name=NetD8_2 New Net Name=IC4LED3
Change Net Name : Old Net Name=NetD10_1 New Net Name=IC4LED2
Change Net Name : Old Net Name=NetD12_1 New Net Name=IC6LED1
Change Net Name : Old Net Name=NetD12_2 New Net Name=IC6LED3
Change Net Name : Old Net Name=NetD14_1 New Net Name=IC6LED2
Change Net Name : Old Net Name=NetD16_1 New Net Name=IC8LED1
Change Net Name : Old Net Name=NetD16_2 New Net Name=IC8LED3
Change Net Name : Old Net Name=NetD18_1 New Net Name=IC8LED2
Change Net Name : Old Net Name=NetIC1_1 New Net Name=IC1V-
Change Net Name : Old Net Name=NetIC2_1 New Net Name=IC2V-
Change Net Name : Old Net Name=NetIC3_1 New Net Name=IC3V-
Change Net Name : Old Net Name=NetIC4_5 New Net Name=IC4KEY
Change Net Name : Old Net Name=NetIC4_7 New Net Name=IC4SW
Change Net Name : Old Net Name=NetIC5_3 New Net Name=IC5ISET
Change Net Name : Old Net Name=NetIC6_5 New Net Name=IC6KEY
Change Net Name : Old Net Name=NetIC6_7 New Net Name=IC6SW
Change Net Name : Old Net Name=NetIC7_3 New Net Name=IC7ISET
Change Net Name : Old Net Name=NetIC8_5 New Net Name=IC8KEY
Change Net Name : Old Net Name=NetIC8_7 New Net Name=IC8SW
Change Net Name : Old Net Name=NetIC9_3 New Net Name=IC9ISET
Change Net Name : Old Net Name=NetJ3_A5 New Net Name=CC1
Change Net Name : Old Net Name=NetJ3_B5 New Net Name=CC2
Change Net Name : Old Net Name=NetJ4_2 New Net Name=J4-
Change Net Name : Old Net Name=NetJ5_2 New Net Name=J5-
Change Net Name : Old Net Name=NetJ6_2 New Net Name=J6-
Change Net Name : Old Net Name=NetJ7_1 New Net Name=U2VIOUT
Change Net Name : Old Net Name=NetJ7_2 New Net Name=SolVOUT
Change Net Name : Old Net Name=NetJ7_3 New Net Name=U1VIOUT
Change Net Name : Old Net Name=NetJ8_1 New Net Name=PSOUT
Change Net Name : Old Net Name=NetS2_2 New Net Name=PSIN
Change Net Name : Old Net Name=SolarIn New Net Name=Solar
Added Pin To Net: NetName=NetC3_2 Pin=C3-2
Added Pin To Net: NetName=NetC3_2 Pin=IC1-3
Added Pin To Net: NetName=NetC3_2 Pin=IC1-6
Added Pin To Net: NetName=NetC3_2 Pin=Q1-2
Added Net: Name=NetC3_2
Added Pin To Net: NetName=NetC4_2 Pin=C4-2
Added Pin To Net: NetName=NetC4_2 Pin=IC2-3
Added Pin To Net: NetName=NetC4_2 Pin=IC2-6
Added Pin To Net: NetName=NetC4_2 Pin=Q2-2
Added Net: Name=NetC4_2
Added Pin To Net: NetName=NetC5_2 Pin=C5-2
Added Pin To Net: NetName=NetC5_2 Pin=IC3-3
Added Pin To Net: NetName=NetC5_2 Pin=IC3-6
Added Pin To Net: NetName=NetC5_2 Pin=Q3-2
Added Net: Name=NetC5_2
