Change Component Footprint: Designator=J9 Old Footprint=614004135023 New Footprint=614004135023
Added Pin To Net: NetName=+5V Pin=C1-1
Added Pin To Net: NetName=GND Pin=C1-2
Added Pin To Net: NetName=NetC2_1 Pin=C2-1
Added Pin To Net: NetName=GND Pin=C2-2
Added Pin To Net: NetName=NetC3_1 Pin=C3-1
Added Pin To Net: NetName=GND Pin=C3-2
Added Pin To Net: NetName=NetC4_1 Pin=C4-1
Added Pin To Net: NetName=GND Pin=C4-2
Added Pin To Net: NetName=NetC5_1 Pin=C5-1
Added Pin To Net: NetName=GND Pin=C5-2
Added Pin To Net: NetName=NetC6_1 Pin=C6-1
Added Pin To Net: NetName=GND Pin=C6-2
Added Pin To Net: NetName=NetC7_1 Pin=C7-1
Added Pin To Net: NetName=GND Pin=C7-2
Added Pin To Net: NetName=NetC8_1 Pin=C8-1
Added Pin To Net: NetName=GND Pin=C8-2
Added Pin To Net: NetName=NetC9_1 Pin=C9-1
Added Pin To Net: NetName=GND Pin=C9-2
Added Pin To Net: NetName=SY6280-1 Pin=C10-1
Added Pin To Net: NetName=GND Pin=C10-2
Added Pin To Net: NetName=SY6280-1 Pin=C11-1
Added Pin To Net: NetName=GND Pin=C11-2
Added Pin To Net: NetName=SY6280-1 Pin=C12-1
Added Pin To Net: NetName=GND Pin=C12-2
Added Pin To Net: NetName=SY6280-1 Pin=C13-1
Added Pin To Net: NetName=GND Pin=C13-2
Added Pin To Net: NetName=NetC14_1 Pin=C14-1
Added Pin To Net: NetName=GND Pin=C14-2
Added Pin To Net: NetName=NetC14_1 Pin=C15-1
Added Pin To Net: NetName=GND Pin=C15-2
Added Pin To Net: NetName=NetC16_1 Pin=C16-1
Added Pin To Net: NetName=GND Pin=C16-2
Added Pin To Net: NetName=NetC7_1 Pin=C17-1
Added Pin To Net: NetName=GND Pin=C17-2
Added Pin To Net: NetName=NetC18_1 Pin=C18-1
Added Pin To Net: NetName=GND Pin=C18-2
Added Pin To Net: NetName=NetC19_1 Pin=C19-1
Added Pin To Net: NetName=GND Pin=C19-2
Added Pin To Net: NetName=SY6280-2 Pin=C20-1
Added Pin To Net: NetName=GND Pin=C20-2
Added Pin To Net: NetName=SY6280-2 Pin=C21-1
Added Pin To Net: NetName=GND Pin=C21-2
Added Pin To Net: NetName=SY6280-2 Pin=C22-1
Added Pin To Net: NetName=GND Pin=C22-2
Added Pin To Net: NetName=SY6280-2 Pin=C23-1
Added Pin To Net: NetName=GND Pin=C23-2
Added Pin To Net: NetName=NetC14_1 Pin=C24-1
Added Pin To Net: NetName=GND Pin=C24-2
Added Pin To Net: NetName=NetC14_1 Pin=C25-1
Added Pin To Net: NetName=GND Pin=C25-2
Added Pin To Net: NetName=NetC26_1 Pin=C26-1
Added Pin To Net: NetName=GND Pin=C26-2
Added Pin To Net: NetName=NetC7_1 Pin=C27-1
Added Pin To Net: NetName=GND Pin=C27-2
Added Pin To Net: NetName=NetC28_1 Pin=C28-1
Added Pin To Net: NetName=GND Pin=C28-2
Added Pin To Net: NetName=NetC29_1 Pin=C29-1
Added Pin To Net: NetName=GND Pin=C29-2
Added Pin To Net: NetName=SY6280-3 Pin=C30-1
Added Pin To Net: NetName=GND Pin=C30-2
Added Pin To Net: NetName=SY6280-3 Pin=C31-1
Added Pin To Net: NetName=GND Pin=C31-2
Added Pin To Net: NetName=SY6280-3 Pin=C32-1
Added Pin To Net: NetName=GND Pin=C32-2
Added Pin To Net: NetName=SY6280-3 Pin=C33-1
Added Pin To Net: NetName=GND Pin=C33-2
Added Pin To Net: NetName=NetC14_1 Pin=C34-1
Added Pin To Net: NetName=GND Pin=C34-2
Added Pin To Net: NetName=NetC14_1 Pin=C35-1
Added Pin To Net: NetName=GND Pin=C35-2
Added Pin To Net: NetName=+5V Pin=C36-1
Added Pin To Net: NetName=GND Pin=C36-2
Added Pin To Net: NetName=NetC37_1 Pin=C37-1
Added Pin To Net: NetName=GND Pin=C37-2
Added Pin To Net: NetName=NetD1_1 Pin=D1-1
Added Pin To Net: NetName=NetD1_2 Pin=D1-2
Added Pin To Net: NetName=GND Pin=D2-1
Added Pin To Net: NetName=NetD2_2 Pin=D2-2
Added Pin To Net: NetName=NetD3_1 Pin=D3-1
Added Pin To Net: NetName=NetD1_2 Pin=D3-2
Added Pin To Net: NetName=GND Pin=D4-1
Added Pin To Net: NetName=NetD4_2 Pin=D4-2
Added Pin To Net: NetName=NetD5_1 Pin=D5-1
Added Pin To Net: NetName=NetC8_1 Pin=D5-2
Added Pin To Net: NetName=NetD6_1 Pin=D6-1
Added Pin To Net: NetName=NetC18_1 Pin=D6-2
Added Pin To Net: NetName=NetD7_1 Pin=D7-1
Added Pin To Net: NetName=NetC28_1 Pin=D7-2
Added Pin To Net: NetName=NetD8_1 Pin=D8-1
Added Pin To Net: NetName=NetD8_2 Pin=D8-2
Added Pin To Net: NetName=NetD8_2 Pin=D9-1
Added Pin To Net: NetName=NetD8_1 Pin=D9-2
Added Pin To Net: NetName=NetD10_1 Pin=D10-1
Added Pin To Net: NetName=NetD8_2 Pin=D10-2
Added Pin To Net: NetName=NetD10_1 Pin=D11-1
Added Pin To Net: NetName=NetD8_2 Pin=D11-2
Added Pin To Net: NetName=NetD12_1 Pin=D12-1
Added Pin To Net: NetName=NetD12_2 Pin=D12-2
Added Pin To Net: NetName=NetD12_2 Pin=D13-1
Added Pin To Net: NetName=NetD12_1 Pin=D13-2
Added Pin To Net: NetName=NetD14_1 Pin=D14-1
Added Pin To Net: NetName=NetD12_2 Pin=D14-2
Added Pin To Net: NetName=NetD14_1 Pin=D15-1
Added Pin To Net: NetName=NetD12_2 Pin=D15-2
Added Pin To Net: NetName=NetD16_1 Pin=D16-1
Added Pin To Net: NetName=NetD16_2 Pin=D16-2
Added Pin To Net: NetName=NetD16_2 Pin=D17-1
Added Pin To Net: NetName=NetD16_1 Pin=D17-2
Added Pin To Net: NetName=NetD18_1 Pin=D18-1
Added Pin To Net: NetName=NetD16_2 Pin=D18-2
Added Pin To Net: NetName=NetD18_1 Pin=D19-1
Added Pin To Net: NetName=NetD16_2 Pin=D19-2
Added Pin To Net: NetName=GND Pin=D20-1
Added Pin To Net: NetName=NetD20_2 Pin=D20-2
Added Pin To Net: NetName=NetIC1_1 Pin=IC1-1
Added Pin To Net: NetName=GND Pin=IC1-2
Added Pin To Net: NetName=GND Pin=IC1-3
Added Pin To Net: NetName=NetC3_1 Pin=IC1-5
Added Pin To Net: NetName=GND Pin=IC1-6
Added Pin To Net: NetName=NetIC2_1 Pin=IC2-1
Added Pin To Net: NetName=GND Pin=IC2-2
Added Pin To Net: NetName=GND Pin=IC2-3
Added Pin To Net: NetName=NetC4_1 Pin=IC2-5
Added Pin To Net: NetName=GND Pin=IC2-6
Added Pin To Net: NetName=NetIC3_1 Pin=IC3-1
Added Pin To Net: NetName=GND Pin=IC3-2
Added Pin To Net: NetName=GND Pin=IC3-3
Added Pin To Net: NetName=NetC5_1 Pin=IC3-5
Added Pin To Net: NetName=GND Pin=IC3-6
Added Pin To Net: NetName=NetC7_1 Pin=IC4-1
Added Pin To Net: NetName=NetD8_1 Pin=IC4-2
Added Pin To Net: NetName=NetD10_1 Pin=IC4-3
Added Pin To Net: NetName=NetD8_2 Pin=IC4-4
Added Pin To Net: NetName=NetIC4_5 Pin=IC4-5
Added Pin To Net: NetName=NetC8_1 Pin=IC4-6
Added Pin To Net: NetName=NetIC4_7 Pin=IC4-7
Added Pin To Net: NetName=SY6280-1 Pin=IC4-8
Added Pin To Net: NetName=GND Pin=IC4-9
Added Pin To Net: NetName=NetC14_1 Pin=IC5-1
Added Pin To Net: NetName=GND Pin=IC5-2
Added Pin To Net: NetName=NetIC5_3 Pin=IC5-3
Added Pin To Net: NetName=SY6280-1 Pin=IC5-4
Added Pin To Net: NetName=SY6280-1 Pin=IC5-5
Added Pin To Net: NetName=NetC7_1 Pin=IC6-1
Added Pin To Net: NetName=NetD12_1 Pin=IC6-2
Added Pin To Net: NetName=NetD14_1 Pin=IC6-3
Added Pin To Net: NetName=NetD12_2 Pin=IC6-4
Added Pin To Net: NetName=NetIC6_5 Pin=IC6-5
Added Pin To Net: NetName=NetC18_1 Pin=IC6-6
Added Pin To Net: NetName=NetIC6_7 Pin=IC6-7
Added Pin To Net: NetName=SY6280-2 Pin=IC6-8
Added Pin To Net: NetName=GND Pin=IC6-9
Added Pin To Net: NetName=NetC14_1 Pin=IC7-1
Added Pin To Net: NetName=GND Pin=IC7-2
Added Pin To Net: NetName=NetIC7_3 Pin=IC7-3
Added Pin To Net: NetName=SY6280-2 Pin=IC7-4
Added Pin To Net: NetName=SY6280-2 Pin=IC7-5
Added Pin To Net: NetName=NetC7_1 Pin=IC8-1
Added Pin To Net: NetName=NetD16_1 Pin=IC8-2
Added Pin To Net: NetName=NetD18_1 Pin=IC8-3
Added Pin To Net: NetName=NetD16_2 Pin=IC8-4
Added Pin To Net: NetName=NetIC8_5 Pin=IC8-5
Added Pin To Net: NetName=NetC28_1 Pin=IC8-6
Added Pin To Net: NetName=NetIC8_7 Pin=IC8-7
Added Pin To Net: NetName=SY6280-3 Pin=IC8-8
Added Pin To Net: NetName=GND Pin=IC8-9
Added Pin To Net: NetName=NetC14_1 Pin=IC9-1
Added Pin To Net: NetName=GND Pin=IC9-2
Added Pin To Net: NetName=NetIC9_3 Pin=IC9-3
Added Pin To Net: NetName=SY6280-3 Pin=IC9-4
Added Pin To Net: NetName=SY6280-3 Pin=IC9-5
Added Pin To Net: NetName=NetD1_1 Pin=J1-1
Added Pin To Net: NetName=GND Pin=J1-2
Added Pin To Net: NetName=NetD3_1 Pin=J2-1
Added Pin To Net: NetName=GND Pin=J2-2
Added Pin To Net: NetName=NetJ3_A5 Pin=J3-A5
Added Pin To Net: NetName=USBIn Pin=J3-A9
Added Pin To Net: NetName=GND Pin=J3-A12
Added Pin To Net: NetName=NetJ3_B5 Pin=J3-B5
Added Pin To Net: NetName=USBIn Pin=J3-B9
Added Pin To Net: NetName=GND Pin=J3-B12
Added Pin To Net: NetName=NetC8_1 Pin=J4-1
Added Pin To Net: NetName=NetJ4_2 Pin=J4-2
Added Pin To Net: NetName=NetC18_1 Pin=J5-1
Added Pin To Net: NetName=NetJ5_2 Pin=J5-2
Added Pin To Net: NetName=NetC28_1 Pin=J6-1
Added Pin To Net: NetName=NetJ6_2 Pin=J6-2
Added Pin To Net: NetName=NetJ7_1 Pin=J7-1
Added Pin To Net: NetName=NetJ7_2 Pin=J7-2
Added Pin To Net: NetName=NetJ7_3 Pin=J7-3
Added Pin To Net: NetName=NetJ8_1 Pin=J8-1
Added Pin To Net: NetName=+5V Pin=J8-2
Added Pin To Net: NetName=+5V Pin=J9-1
Added Pin To Net: NetName=GND Pin=J9-4
Added Pin To Net: NetName=NetIC4_7 Pin=L1-1
Added Pin To Net: NetName=NetC8_1 Pin=L1-2
Added Pin To Net: NetName=NetIC6_7 Pin=L2-1
Added Pin To Net: NetName=NetC18_1 Pin=L2-2
Added Pin To Net: NetName=NetIC8_7 Pin=L3-1
Added Pin To Net: NetName=NetC28_1 Pin=L3-2
Added Pin To Net: NetName=NetC8_1 Pin=Q1-1
Added Pin To Net: NetName=GND Pin=Q1-2
Added Pin To Net: NetName=NetJ4_2 Pin=Q1-3
Added Pin To Net: NetName=NetC18_1 Pin=Q2-1
Added Pin To Net: NetName=GND Pin=Q2-2
Added Pin To Net: NetName=NetJ5_2 Pin=Q2-3
Added Pin To Net: NetName=NetC28_1 Pin=Q3-1
Added Pin To Net: NetName=GND Pin=Q3-2
Added Pin To Net: NetName=NetJ6_2 Pin=Q3-3
Added Pin To Net: NetName=NetD1_2 Pin=R1-1
Added Pin To Net: NetName=NetD2_2 Pin=R1-2
Added Pin To Net: NetName=NetD1_2 Pin=R2-1
Added Pin To Net: NetName=NetJ7_2 Pin=R2-2
Added Pin To Net: NetName=NetJ7_2 Pin=R3-1
Added Pin To Net: NetName=GND Pin=R3-2
Added Pin To Net: NetName=USBIn Pin=R4-1
Added Pin To Net: NetName=NetD4_2 Pin=R4-2
Added Pin To Net: NetName=NetJ3_B5 Pin=R5-1
Added Pin To Net: NetName=GND Pin=R5-2
Added Pin To Net: NetName=NetJ3_A5 Pin=R6-1
Added Pin To Net: NetName=GND Pin=R6-2
Added Pin To Net: NetName=NetC8_1 Pin=R7-1
Added Pin To Net: NetName=NetC3_1 Pin=R7-2
Added Pin To Net: NetName=NetJ4_2 Pin=R8-1
Added Pin To Net: NetName=NetD5_1 Pin=R8-2
Added Pin To Net: NetName=NetIC1_1 Pin=R9-1
Added Pin To Net: NetName=GND Pin=R9-2
Added Pin To Net: NetName=NetC18_1 Pin=R10-1
Added Pin To Net: NetName=NetC4_1 Pin=R10-2
Added Pin To Net: NetName=NetJ5_2 Pin=R11-1
Added Pin To Net: NetName=NetD6_1 Pin=R11-2
Added Pin To Net: NetName=NetIC2_1 Pin=R12-1
Added Pin To Net: NetName=GND Pin=R12-2
Added Pin To Net: NetName=NetC28_1 Pin=R13-1
Added Pin To Net: NetName=NetC5_1 Pin=R13-2
Added Pin To Net: NetName=NetJ6_2 Pin=R14-1
Added Pin To Net: NetName=NetD7_1 Pin=R14-2
Added Pin To Net: NetName=NetIC3_1 Pin=R15-1
Added Pin To Net: NetName=GND Pin=R15-2
Added Pin To Net: NetName=NetC7_1 Pin=R16-1
Added Pin To Net: NetName=NetC6_1 Pin=R16-2
Added Pin To Net: NetName=NetIC4_5 Pin=R17-1
Added Pin To Net: NetName=NetR17_2 Pin=R17-2
Added Pin To Net: NetName=NetC8_1 Pin=R18-1
Added Pin To Net: NetName=NetC9_1 Pin=R18-2
Added Pin To Net: NetName=NetIC5_3 Pin=R19-1
Added Pin To Net: NetName=GND Pin=R19-2
Added Pin To Net: NetName=NetC7_1 Pin=R20-1
Added Pin To Net: NetName=NetC16_1 Pin=R20-2
Added Pin To Net: NetName=NetIC6_5 Pin=R21-1
Added Pin To Net: NetName=NetR21_2 Pin=R21-2
Added Pin To Net: NetName=NetC18_1 Pin=R22-1
Added Pin To Net: NetName=NetC19_1 Pin=R22-2
Added Pin To Net: NetName=NetIC7_3 Pin=R23-1
Added Pin To Net: NetName=GND Pin=R23-2
Added Pin To Net: NetName=NetC7_1 Pin=R24-1
Added Pin To Net: NetName=NetC26_1 Pin=R24-2
Added Pin To Net: NetName=NetIC8_5 Pin=R25-1
Added Pin To Net: NetName=NetR25_2 Pin=R25-2
Added Pin To Net: NetName=NetC28_1 Pin=R26-1
Added Pin To Net: NetName=NetC29_1 Pin=R26-2
Added Pin To Net: NetName=NetIC9_3 Pin=R27-1
Added Pin To Net: NetName=GND Pin=R27-2
Added Pin To Net: NetName=+5V Pin=R28-1
Added Pin To Net: NetName=NetD20_2 Pin=R28-2
Added Pin To Net: NetName=NetR17_2 Pin=SW2-1
Added Pin To Net: NetName=GND Pin=SW2-3
Added Pin To Net: NetName=NetR21_2 Pin=SW3-1
Added Pin To Net: NetName=GND Pin=SW3-3
Added Pin To Net: NetName=NetR25_2 Pin=SW4-1
Added Pin To Net: NetName=GND Pin=SW4-3
Added Pin To Net: NetName=NetSW5_1 Pin=SW5-1
Added Pin To Net: NetName=NetJ8_1 Pin=SW5-2
Added Pin To Net: NetName=NetD1_2 Pin=TP1-1
Added Pin To Net: NetName=SolarIn Pin=TP2-1
Added Pin To Net: NetName=NetC7_1 Pin=TP3-1
Added Pin To Net: NetName=USBIn Pin=TP4-1
Added Pin To Net: NetName=NetC8_1 Pin=TP5-1
Added Pin To Net: NetName=NetC18_1 Pin=TP6-1
Added Pin To Net: NetName=NetC28_1 Pin=TP7-1
Added Pin To Net: NetName=SY6280-1 Pin=TP8-1
Added Pin To Net: NetName=SY6280-2 Pin=TP9-1
Added Pin To Net: NetName=SY6280-3 Pin=TP10-1
Added Pin To Net: NetName=NetC14_1 Pin=TP11-1
Added Pin To Net: NetName=NetSW5_1 Pin=TP12-1
Added Pin To Net: NetName=GND Pin=TP13-1
Added Pin To Net: NetName=NetD1_2 Pin=U1-1
Added Pin To Net: NetName=NetD1_2 Pin=U1-2
Added Pin To Net: NetName=SolarIn Pin=U1-3
Added Pin To Net: NetName=SolarIn Pin=U1-4
Added Pin To Net: NetName=GND Pin=U1-5
Added Pin To Net: NetName=NetC2_1 Pin=U1-6
Added Pin To Net: NetName=NetJ7_3 Pin=U1-7
Added Pin To Net: NetName=+5V Pin=U1-8
Added Pin To Net: NetName=NetC14_1 Pin=U2-1
Added Pin To Net: NetName=NetC14_1 Pin=U2-2
Added Pin To Net: NetName=NetSW5_1 Pin=U2-3
Added Pin To Net: NetName=NetSW5_1 Pin=U2-4
Added Pin To Net: NetName=GND Pin=U2-5
Added Pin To Net: NetName=NetC37_1 Pin=U2-6
Added Pin To Net: NetName=NetJ7_1 Pin=U2-7
Added Pin To Net: NetName=+5V Pin=U2-8
Added Member To Class: ClassName=U_PowerInput&Switch Member=Component C1 0.1uF
Added Member To Class: ClassName=U_PowerInput&Switch Member=Component C2 1nF
Added Member To Class: ClassName=U_BatteryConn&Protection Member=Component C3 0.1uF
Added Member To Class: ClassName=U_BatteryConn&Protection Member=Component C4 0.1uF
Added Member To Class: ClassName=U_BatteryConn&Protection Member=Component C5 0.1uF
Added Member To Class: ClassName=U_Charging&1AOut1 Member=Component C6 10uF
Added Member To Class: ClassName=U_Charging&1AOut1 Member=Component C7 10uF
Added Member To Class: ClassName=U_Charging&1AOut1 Member=Component C8 22uF
Added Member To Class: ClassName=U_Charging&1AOut1 Member=Component C9 22uF
Added Member To Class: ClassName=U_Charging&1AOut1 Member=Component C10 22uF
Added Member To Class: ClassName=U_Charging&1AOut1 Member=Component C11 22uF
Added Member To Class: ClassName=U_Charging&1AOut1 Member=Component C12 22uF
Added Member To Class: ClassName=U_Charging&1AOut1 Member=Component C13 10uF
Added Member To Class: ClassName=U_Charging&1AOut1 Member=Component C14 0.1uF
Added Member To Class: ClassName=U_Charging&1AOut1 Member=Component C15 10uF
Added Member To Class: ClassName=U_Charging&1AOut2 Member=Component C16 10uF
Added Member To Class: ClassName=U_Charging&1AOut2 Member=Component C17 10uF
Added Member To Class: ClassName=U_Charging&1AOut2 Member=Component C18 22uF
Added Member To Class: ClassName=U_Charging&1AOut2 Member=Component C19 22uF
Added Member To Class: ClassName=U_Charging&1AOut2 Member=Component C20 22uF
Added Member To Class: ClassName=U_Charging&1AOut2 Member=Component C21 22uF
Added Member To Class: ClassName=U_Charging&1AOut2 Member=Component C22 22uF
Added Member To Class: ClassName=U_Charging&1AOut2 Member=Component C23 10uF
Added Member To Class: ClassName=U_Charging&1AOut2 Member=Component C24 0.1uF
Added Member To Class: ClassName=U_Charging&1AOut2 Member=Component C25 10uF
Added Member To Class: ClassName=U_Charging&1AOut3 Member=Component C26 10uF
Added Member To Class: ClassName=U_Charging&1AOut3 Member=Component C27 10uF
Added Member To Class: ClassName=U_Charging&1AOut3 Member=Component C28 22uF
Added Member To Class: ClassName=U_Charging&1AOut3 Member=Component C29 22uF
Added Member To Class: ClassName=U_Charging&1AOut3 Member=Component C30 22uF
Added Member To Class: ClassName=U_Charging&1AOut3 Member=Component C31 22uF
Added Member To Class: ClassName=U_Charging&1AOut3 Member=Component C32 22uF
Added Member To Class: ClassName=U_Charging&1AOut3 Member=Component C33 10uF
Added Member To Class: ClassName=U_Charging&1AOut3 Member=Component C34 0.1uF
Added Member To Class: ClassName=U_Charging&1AOut3 Member=Component C35 10uF
Added Member To Class: ClassName=U_PowerOutput&Switch Member=Component C36 0.1uF
Added Member To Class: ClassName=U_PowerOutput&Switch Member=Component C37 1nF
Added Member To Class: ClassName=U_PowerInput&Switch Member=Component D1 DFLS130L-7
Added Member To Class: ClassName=U_PowerInput&Switch Member=Component D2 Solar PwrIn Indicator
Added Member To Class: ClassName=U_PowerInput&Switch Member=Component D3 DFLS130L-7
Added Member To Class: ClassName=U_PowerInput&Switch Member=Component D4 USB PwrIn Indicator
Added Member To Class: ClassName=U_BatteryConn&Protection Member=Component D5 Yellow
Added Member To Class: ClassName=U_BatteryConn&Protection Member=Component D6 Yellow
Added Member To Class: ClassName=U_BatteryConn&Protection Member=Component D7 Yellow
Added Member To Class: ClassName=U_Charging&1AOut1 Member=Component D8 25%
Added Member To Class: ClassName=U_Charging&1AOut1 Member=Component D9 50%
Added Member To Class: ClassName=U_Charging&1AOut1 Member=Component D10 75%
Added Member To Class: ClassName=U_Charging&1AOut1 Member=Component D11 100%
Added Member To Class: ClassName=U_Charging&1AOut2 Member=Component D12 25%
Added Member To Class: ClassName=U_Charging&1AOut2 Member=Component D13 50%
Added Member To Class: ClassName=U_Charging&1AOut2 Member=Component D14 75%
Added Member To Class: ClassName=U_Charging&1AOut2 Member=Component D15 100%
Added Member To Class: ClassName=U_Charging&1AOut3 Member=Component D16 25%
Added Member To Class: ClassName=U_Charging&1AOut3 Member=Component D17 50%
Added Member To Class: ClassName=U_Charging&1AOut3 Member=Component D18 75%
Added Member To Class: ClassName=U_Charging&1AOut3 Member=Component D19 100%
Added Member To Class: ClassName=U_PowerOutput&Switch Member=Component D20 Power On Indicator
Added Member To Class: ClassName=EduSAT-EPSv2 Member=Component FD1 FID1X2R
Added Member To Class: ClassName=EduSAT-EPSv2 Member=Component FD2 FID1X2R
Added Member To Class: ClassName=EduSAT-EPSv2 Member=Component FD3 FID1X2R
Added Member To Class: ClassName=U_BatteryConn&Protection Member=Component IC1 DW06D
Added Member To Class: ClassName=U_BatteryConn&Protection Member=Component IC2 DW06D
Added Member To Class: ClassName=U_BatteryConn&Protection Member=Component IC3 DW06D
Added Member To Class: ClassName=U_Charging&1AOut1 Member=Component IC4 IP5306
Added Member To Class: ClassName=U_Charging&1AOut1 Member=Component IC5 SY6280AAC
Added Member To Class: ClassName=U_Charging&1AOut2 Member=Component IC6 IP5306
Added Member To Class: ClassName=U_Charging&1AOut2 Member=Component IC7 SY6280AAC
Added Member To Class: ClassName=U_Charging&1AOut3 Member=Component IC8 IP5306
Added Member To Class: ClassName=U_Charging&1AOut3 Member=Component IC9 SY6280AAC
Added Member To Class: ClassName=U_PowerInput&Switch Member=Component J1 Panel 1
Added Member To Class: ClassName=U_PowerInput&Switch Member=Component J2 Panel 2
Added Member To Class: ClassName=U_PowerInput&Switch Member=Component J3 TYPE-C Input
Added Member To Class: ClassName=U_BatteryConn&Protection Member=Component J4 Bat-1
Added Member To Class: ClassName=U_BatteryConn&Protection Member=Component J5 Bat-2
Added Member To Class: ClassName=U_BatteryConn&Protection Member=Component J6 Bat-3
Added Member To Class: ClassName=U_PowerOutput&Switch Member=Component J7 EPS Sensors
Added Member To Class: ClassName=U_PowerOutput&Switch Member=Component J8 Release Detection Switch
Added Member To Class: ClassName=U_PowerOutput&Switch Member=Component J9 5V3A-Out
Added Member To Class: ClassName=U_Charging&1AOut1 Member=Component L1 1uH
Added Member To Class: ClassName=U_Charging&1AOut2 Member=Component L2 1uH
Added Member To Class: ClassName=U_Charging&1AOut3 Member=Component L3 1uH
Added Member To Class: ClassName=U_BatteryConn&Protection Member=Component Q1
Added Member To Class: ClassName=U_BatteryConn&Protection Member=Component Q2
Added Member To Class: ClassName=U_BatteryConn&Protection Member=Component Q3
Added Member To Class: ClassName=U_PowerInput&Switch Member=Component R1 154O
Added Member To Class: ClassName=U_PowerInput&Switch Member=Component R2 7.5kO
Added Member To Class: ClassName=U_PowerInput&Switch Member=Component R3 30kO
Added Member To Class: ClassName=U_PowerInput&Switch Member=Component R4 105O
Added Member To Class: ClassName=U_PowerInput&Switch Member=Component R5 5.1kO
Added Member To Class: ClassName=U_PowerInput&Switch Member=Component R6 5.1kO
Added Member To Class: ClassName=U_BatteryConn&Protection Member=Component R7 100O
Added Member To Class: ClassName=U_BatteryConn&Protection Member=Component R8 100O
Added Member To Class: ClassName=U_BatteryConn&Protection Member=Component R9 1kO
Added Member To Class: ClassName=U_BatteryConn&Protection Member=Component R10 100O
Added Member To Class: ClassName=U_BatteryConn&Protection Member=Component R11 100O
Added Member To Class: ClassName=U_BatteryConn&Protection Member=Component R12 1kO
Added Member To Class: ClassName=U_BatteryConn&Protection Member=Component R13 100O
Added Member To Class: ClassName=U_BatteryConn&Protection Member=Component R14 100O
Added Member To Class: ClassName=U_BatteryConn&Protection Member=Component R15 1kO
Added Member To Class: ClassName=U_Charging&1AOut1 Member=Component R16 2O
Added Member To Class: ClassName=U_Charging&1AOut1 Member=Component R17 10k
Added Member To Class: ClassName=U_Charging&1AOut1 Member=Component R18 0.5O
Added Member To Class: ClassName=U_Charging&1AOut1 Member=Component R19 6.8k          Rset
Added Member To Class: ClassName=U_Charging&1AOut2 Member=Component R20 2O
Added Member To Class: ClassName=U_Charging&1AOut2 Member=Component R21 10k
Added Member To Class: ClassName=U_Charging&1AOut2 Member=Component R22 0.5O
Added Member To Class: ClassName=U_Charging&1AOut2 Member=Component R23 6.8k          Rset
Added Member To Class: ClassName=U_Charging&1AOut3 Member=Component R24 2O
Added Member To Class: ClassName=U_Charging&1AOut3 Member=Component R25 10k
Added Member To Class: ClassName=U_Charging&1AOut3 Member=Component R26 0.5O
Added Member To Class: ClassName=U_Charging&1AOut3 Member=Component R27 6.8k          Rset
Added Member To Class: ClassName=U_PowerOutput&Switch Member=Component R28 105O
Added Member To Class: ClassName=U_PowerInput&Switch Member=Component SW1 Solar-USB Switch
Added Member To Class: ClassName=U_Charging&1AOut1 Member=Component SW2
Added Member To Class: ClassName=U_Charging&1AOut2 Member=Component SW3
Added Member To Class: ClassName=U_Charging&1AOut3 Member=Component SW4
Added Member To Class: ClassName=U_PowerOutput&Switch Member=Component SW5 Power Switch
Added Member To Class: ClassName=U_PowerInput&Switch Member=Component TP1 TPAD6R
Added Member To Class: ClassName=U_PowerInput&Switch Member=Component TP2 TPAD6R
Added Member To Class: ClassName=U_PowerInput&Switch Member=Component TP3 TPAD6R
Added Member To Class: ClassName=U_PowerInput&Switch Member=Component TP4 TPAD6R
Added Member To Class: ClassName=U_BatteryConn&Protection Member=Component TP5 TPAD6R
Added Member To Class: ClassName=U_BatteryConn&Protection Member=Component TP6 TPAD6R
Added Member To Class: ClassName=U_BatteryConn&Protection Member=Component TP7 TPAD6R
Added Member To Class: ClassName=U_Charging&1AOut1 Member=Component TP8 TPAD6R
Added Member To Class: ClassName=U_Charging&1AOut2 Member=Component TP9 TPAD6R
Added Member To Class: ClassName=U_Charging&1AOut3 Member=Component TP10 TPAD6R
Added Member To Class: ClassName=U_PowerOutput&Switch Member=Component TP11 TPAD6R
Added Member To Class: ClassName=U_PowerOutput&Switch Member=Component TP12 TPAD6R
Added Member To Class: ClassName=U_PowerOutput&Switch Member=Component TP13 TPAD6R
Added Member To Class: ClassName=U_PowerInput&Switch Member=Component U1 ACS712ELCTR-05B-T
Added Member To Class: ClassName=U_PowerOutput&Switch Member=Component U2 ACS712ELCTR-05B-T
